0 info it worked if it ends with ok
1 verbose cli [ '/Users/sharneefrancis/.nvm/versions/node/v6.9.1/bin/node',
1 verbose cli   '/Users/sharneefrancis/.nvm/versions/node/v6.9.1/bin/npm',
1 verbose cli   'run',
1 verbose cli   'deploy' ]
2 info using npm@3.10.8
3 info using node@v6.9.1
4 verbose run-script [ 'predeploy', 'deploy', 'postdeploy' ]
5 info lifecycle tiy-full-stack@0.1.0~predeploy: tiy-full-stack@0.1.0
6 silly lifecycle tiy-full-stack@0.1.0~predeploy: no script for predeploy, continuing
7 info lifecycle tiy-full-stack@0.1.0~deploy: tiy-full-stack@0.1.0
8 verbose lifecycle tiy-full-stack@0.1.0~deploy: unsafe-perm in lifecycle true
9 verbose lifecycle tiy-full-stack@0.1.0~deploy: PATH: /Users/sharneefrancis/.nvm/versions/node/v6.9.1/lib/node_modules/npm/bin/node-gyp-bin:/Users/sharneefrancis/Documents/TIY/assignments/timeMachineDir/timeMachine2/node_modules/.bin:/Users/sharneefrancis/.nvm/versions/node/v6.9.1/bin:/usr/local/bin:/usr/bin:/bin:/usr/sbin:/sbin
10 verbose lifecycle tiy-full-stack@0.1.0~deploy: CWD: /Users/sharneefrancis/Documents/TIY/assignments/timeMachineDir/timeMachine2
11 silly lifecycle tiy-full-stack@0.1.0~deploy: Args: [ '-c', 'git push origin master && git push heroku master' ]
12 silly lifecycle tiy-full-stack@0.1.0~deploy: Returned: code: 128  signal: null
13 info lifecycle tiy-full-stack@0.1.0~deploy: Failed to exec deploy script
14 verbose stack Error: tiy-full-stack@0.1.0 deploy: `git push origin master && git push heroku master`
14 verbose stack Exit status 128
14 verbose stack     at EventEmitter.<anonymous> (/Users/sharneefrancis/.nvm/versions/node/v6.9.1/lib/node_modules/npm/lib/utils/lifecycle.js:255:16)
14 verbose stack     at emitTwo (events.js:106:13)
14 verbose stack     at EventEmitter.emit (events.js:191:7)
14 verbose stack     at ChildProcess.<anonymous> (/Users/sharneefrancis/.nvm/versions/node/v6.9.1/lib/node_modules/npm/lib/utils/spawn.js:40:14)
14 verbose stack     at emitTwo (events.js:106:13)
14 verbose stack     at ChildProcess.emit (events.js:191:7)
14 verbose stack     at maybeClose (internal/child_process.js:877:16)
14 verbose stack     at Process.ChildProcess._handle.onexit (internal/child_process.js:226:5)
15 verbose pkgid tiy-full-stack@0.1.0
16 verbose cwd /Users/sharneefrancis/Documents/TIY/assignments/timeMachineDir/timeMachine2
17 error Darwin 14.5.0
18 error argv "/Users/sharneefrancis/.nvm/versions/node/v6.9.1/bin/node" "/Users/sharneefrancis/.nvm/versions/node/v6.9.1/bin/npm" "run" "deploy"
19 error node v6.9.1
20 error npm  v3.10.8
21 error code ELIFECYCLE
22 error tiy-full-stack@0.1.0 deploy: `git push origin master && git push heroku master`
22 error Exit status 128
23 error Failed at the tiy-full-stack@0.1.0 deploy script 'git push origin master && git push heroku master'.
23 error Make sure you have the latest version of node.js and npm installed.
23 error If you do, this is most likely a problem with the tiy-full-stack package,
23 error not with npm itself.
23 error Tell the author that this fails on your system:
23 error     git push origin master && git push heroku master
23 error You can get information on how to open an issue for this project with:
23 error     npm bugs tiy-full-stack
23 error Or if that isn't available, you can get their info via:
23 error     npm owner ls tiy-full-stack
23 error There is likely additional logging output above.
24 verbose exit [ 1, true ]
